[2017-08-18 15:42:30.942] [INFO] pomelo - [32m[/Users/heke/MyProj/GitHub/cityofpomelo/game-server/node_modules/pomelo/lib/application.js] [39mapplication inited: "master-server-1"
[2017-08-18 15:42:31.064] [INFO] pomelo - [32m[/Users/heke/MyProj/GitHub/cityofpomelo/game-server/node_modules/pomelo/lib/master/starter.js] [39mExecuting /usr/local/Cellar/node/5.0.0/bin/node /Users/heke/MyProj/GitHub/cityofpomelo/game-server/app,env=development,id=connector-server-1,host=127.0.0.1,port=4050,clientPort=3050,frontend=true,serverType=connector locally
[2017-08-18 15:42:31.070] [INFO] pomelo - [32m[/Users/heke/MyProj/GitHub/cityofpomelo/game-server/node_modules/pomelo/lib/master/starter.js] [39mExecuting /usr/local/Cellar/node/5.0.0/bin/node /Users/heke/MyProj/GitHub/cityofpomelo/game-server/app,env=development,id=game-server-1,host=127.0.0.1,port=6050,serverType=game locally
[2017-08-18 15:42:31.074] [INFO] pomelo - [32m[/Users/heke/MyProj/GitHub/cityofpomelo/game-server/node_modules/pomelo/lib/master/starter.js] [39mExecuting /usr/local/Cellar/node/5.0.0/bin/node /Users/heke/MyProj/GitHub/cityofpomelo/game-server/app,env=development,id=gate-server-1,host=127.0.0.1,clientPort=3014,frontend=true,serverType=gate locally
[2017-08-18 15:42:31.221] [INFO] pomelo - [32m[/Users/heke/MyProj/GitHub/cityofpomelo/game-server/node_modules/pomelo/lib/application.js] [39m"master-server-1" enter after start...
[2017-08-18 15:42:31.222] [INFO] pomelo - [32m[/Users/heke/MyProj/GitHub/cityofpomelo/game-server/node_modules/pomelo/lib/application.js] [39m"master-server-1" finish start
[2017-08-18 15:42:31.222] [INFO] pomelo - [32m[/Users/heke/MyProj/GitHub/cityofpomelo/game-server/node_modules/pomelo/lib/application.js] [39m"master-server-1" startup in 274 ms
[2017-08-18 15:42:31.337] [INFO] pomelo - [32m[/Users/heke/MyProj/GitHub/cityofpomelo/game-server/node_modules/pomelo/lib/application.js] [39mapplication inited: "game-server-1"
[2017-08-18 15:42:31.728] [INFO] pomelo - [32m[/Users/heke/MyProj/GitHub/cityofpomelo/game-server/node_modules/pomelo/lib/application.js] [39m"game-server-1" enter after start...
[2017-08-18 15:42:31.730] [INFO] pomelo - [32m[/Users/heke/MyProj/GitHub/cityofpomelo/game-server/node_modules/pomelo/lib/application.js] [39m"game-server-1" finish start
[2017-08-18 15:42:31.731] [INFO] pomelo - [32m[/Users/heke/MyProj/GitHub/cityofpomelo/game-server/node_modules/pomelo/lib/application.js] [39m"game-server-1" startup in 385 ms
[2017-08-18 15:42:31.332] [INFO] pomelo - [32m[/Users/heke/MyProj/GitHub/cityofpomelo/game-server/node_modules/pomelo/lib/application.js] [39mapplication inited: "connector-server-1"
[2017-08-18 15:42:31.350] [INFO] pomelo - [32m[/Users/heke/MyProj/GitHub/cityofpomelo/game-server/node_modules/pomelo/lib/application.js] [39mapplication inited: "gate-server-1"
[2017-08-18 15:42:31.807] [INFO] pomelo - [32m[/Users/heke/MyProj/GitHub/cityofpomelo/game-server/node_modules/pomelo/lib/application.js] [39m"connector-server-1" enter after start...
[2017-08-18 15:42:31.813] [INFO] pomelo - [32m[/Users/heke/MyProj/GitHub/cityofpomelo/game-server/node_modules/pomelo/lib/application.js] [39m"connector-server-1" finish start
[2017-08-18 15:42:31.814] [INFO] pomelo - [32m[/Users/heke/MyProj/GitHub/cityofpomelo/game-server/node_modules/pomelo/lib/application.js] [39m"connector-server-1" startup in 404 ms
[2017-08-18 15:42:31.818] [INFO] pomelo - [32m[/Users/heke/MyProj/GitHub/cityofpomelo/game-server/node_modules/pomelo/lib/application.js] [39m"gate-server-1" enter after start...
[2017-08-18 15:42:31.825] [INFO] pomelo - [32m[/Users/heke/MyProj/GitHub/cityofpomelo/game-server/node_modules/pomelo/lib/application.js] [39m"gate-server-1" finish start
[2017-08-18 15:42:31.825] [INFO] pomelo - [32m[/Users/heke/MyProj/GitHub/cityofpomelo/game-server/node_modules/pomelo/lib/application.js] [39m"gate-server-1" startup in 399 ms
[2017-08-18 15:42:31.826] [INFO] pomelo - [32m[/Users/heke/MyProj/GitHub/cityofpomelo/game-server/node_modules/pomelo/lib/master/watchdog.js] [39mall servers startup in 878 ms
[2017-08-18 17:49:36.728] [INFO] pomelo - [32m[/Users/heke/MyProj/GitHub/cityofpomelo/game-server/node_modules/pomelo/lib/application.js] [39mapplication inited: "master-server-1"
[2017-08-18 17:49:37.117] [INFO] pomelo - [32m[/Users/heke/MyProj/GitHub/cityofpomelo/game-server/node_modules/pomelo/lib/master/starter.js] [39mExecuting /usr/local/Cellar/node/5.0.0/bin/node /Users/heke/MyProj/GitHub/cityofpomelo/game-server/app,env=development,id=connector-server-1,host=127.0.0.1,port=4050,clientPort=3050,frontend=true,serverType=connector locally
[2017-08-18 17:49:37.124] [INFO] pomelo - [32m[/Users/heke/MyProj/GitHub/cityofpomelo/game-server/node_modules/pomelo/lib/master/starter.js] [39mExecuting /usr/local/Cellar/node/5.0.0/bin/node /Users/heke/MyProj/GitHub/cityofpomelo/game-server/app,env=development,id=game-server-1,host=127.0.0.1,port=6050,serverType=game locally
[2017-08-18 17:49:37.127] [INFO] pomelo - [32m[/Users/heke/MyProj/GitHub/cityofpomelo/game-server/node_modules/pomelo/lib/master/starter.js] [39mExecuting /usr/local/Cellar/node/5.0.0/bin/node /Users/heke/MyProj/GitHub/cityofpomelo/game-server/app,env=development,id=gate-server-1,host=127.0.0.1,clientPort=3014,frontend=true,serverType=gate locally
[2017-08-18 17:49:37.336] [INFO] pomelo - [32m[/Users/heke/MyProj/GitHub/cityofpomelo/game-server/node_modules/pomelo/lib/application.js] [39m"master-server-1" enter after start...
[2017-08-18 17:49:37.337] [INFO] pomelo - [32m[/Users/heke/MyProj/GitHub/cityofpomelo/game-server/node_modules/pomelo/lib/application.js] [39m"master-server-1" finish start
[2017-08-18 17:49:37.338] [INFO] pomelo - [32m[/Users/heke/MyProj/GitHub/cityofpomelo/game-server/node_modules/pomelo/lib/application.js] [39m"master-server-1" startup in 604 ms
[2017-08-18 17:49:37.467] [INFO] pomelo - [32m[/Users/heke/MyProj/GitHub/cityofpomelo/game-server/node_modules/pomelo/lib/application.js] [39mapplication inited: "game-server-1"
[2017-08-18 17:49:38.131] [INFO] pomelo - [32m[/Users/heke/MyProj/GitHub/cityofpomelo/game-server/node_modules/pomelo/lib/application.js] [39m"game-server-1" enter after start...
[2017-08-18 17:49:38.134] [INFO] pomelo - [32m[/Users/heke/MyProj/GitHub/cityofpomelo/game-server/node_modules/pomelo/lib/application.js] [39m"game-server-1" finish start
[2017-08-18 17:49:38.134] [INFO] pomelo - [32m[/Users/heke/MyProj/GitHub/cityofpomelo/game-server/node_modules/pomelo/lib/application.js] [39m"game-server-1" startup in 647 ms
[2017-08-18 17:49:37.463] [INFO] pomelo - [32m[/Users/heke/MyProj/GitHub/cityofpomelo/game-server/node_modules/pomelo/lib/application.js] [39mapplication inited: "connector-server-1"
[2017-08-18 17:49:37.463] [INFO] pomelo - [32m[/Users/heke/MyProj/GitHub/cityofpomelo/game-server/node_modules/pomelo/lib/application.js] [39mapplication inited: "gate-server-1"
[2017-08-18 17:49:38.243] [INFO] pomelo - [32m[/Users/heke/MyProj/GitHub/cityofpomelo/game-server/node_modules/pomelo/lib/application.js] [39m"connector-server-1" enter after start...
[2017-08-18 17:49:38.251] [INFO] pomelo - [32m[/Users/heke/MyProj/GitHub/cityofpomelo/game-server/node_modules/pomelo/lib/application.js] [39m"gate-server-1" enter after start...
[2017-08-18 17:49:38.249] [INFO] pomelo - [32m[/Users/heke/MyProj/GitHub/cityofpomelo/game-server/node_modules/pomelo/lib/application.js] [39m"connector-server-1" finish start
[2017-08-18 17:49:38.250] [INFO] pomelo - [32m[/Users/heke/MyProj/GitHub/cityofpomelo/game-server/node_modules/pomelo/lib/application.js] [39m"connector-server-1" startup in 544 ms
[2017-08-18 17:49:38.261] [INFO] pomelo - [32m[/Users/heke/MyProj/GitHub/cityofpomelo/game-server/node_modules/pomelo/lib/application.js] [39m"gate-server-1" finish start
[2017-08-18 17:49:38.261] [INFO] pomelo - [32m[/Users/heke/MyProj/GitHub/cityofpomelo/game-server/node_modules/pomelo/lib/application.js] [39m"gate-server-1" startup in 555 ms
[2017-08-18 17:49:38.263] [INFO] pomelo - [32m[/Users/heke/MyProj/GitHub/cityofpomelo/game-server/node_modules/pomelo/lib/master/watchdog.js] [39mall servers startup in 1529 ms
